<?xml version="1.0" encoding="UTF-8"?>
<testng-results ignored="0" total="1" passed="1" failed="0" skipped="0">
  <reporter-output>
  </reporter-output>
  <suite started-at="2024-07-31T12:12:21 IST" name="Default suite" finished-at="2024-07-31T12:12:24 IST" duration-ms="2676">
    <groups>
    </groups>
    <test started-at="2024-07-31T12:12:21 IST" name="Default test" finished-at="2024-07-31T12:12:24 IST" duration-ms="2676">
      <class name="day2.DiffWaysToCreatePostRequest">
        <test-method signature="testPostUsingExternalJsonFile()[pri:5, instance:day2.DiffWaysToCreatePostRequest@649bec2e]" started-at="2024-07-31T12:12:21 IST" name="testPostUsingExternalJsonFile" finished-at="2024-07-31T12:12:24 IST" duration-ms="2639" status="PASS">
          <reporter-output>
          </reporter-output>
        </test-method> <!-- testPostUsingExternalJsonFile -->
      </class> <!-- day2.DiffWaysToCreatePostRequest -->
    </test> <!-- Default test -->
  </suite> <!-- Default suite -->
</testng-results>
